2017-12-05 00:47:05,001 INFO[org.springframework.beans.factory.xml.XmlBeanDefinitionReader:315] - Loading XML bean definitions from class path resource [spring.xml]
  2017-12-05 00:47:05,275 INFO[org.springframework.context.support.GenericApplicationContext:510] - Refreshing org.springframework.context.support.GenericApplicationContext@6767c1fc: startup date [Tue Dec 05 00:47:05 CST 2017]; root of context hierarchy
  2017-12-05 00:47:05,428 INFO[org.springframework.beans.factory.config.PropertyPlaceholderConfigurer:172] - Loading properties file from class path resource [jdbc.properties]
  2017-12-05 00:47:05,459 INFO[org.springframework.beans.factory.support.DefaultListableBeanFactory:603] - Pre-instantiating singletons in org.springframework.beans.factory.support.DefaultListableBeanFactory@2145433b: defining beans [testController,testServiceImpl,org.springframework.context.annotation.internalConfigurationAnnotationProcessor,org.springframework.context.annotation.internalAutowiredAnnotationProcessor,org.springframework.context.annotation.internalRequiredAnnotationProcessor,org.springframework.context.annotation.internalCommonAnnotationProcessor,org.springframework.beans.factory.config.PropertyPlaceholderConfigurer#0,dataSource,sqlSessionFactory,org.mybatis.spring.mapper.MapperScannerConfigurer#0,transactionManager,transactionAdvice,org.springframework.aop.config.internalAutoProxyCreator,transactionPointcut,org.springframework.aop.support.DefaultBeanFactoryPointcutAdvisor#0,org.springframework.context.annotation.ConfigurationClassPostProcessor.importAwareProcessor,ITestMapper]; root of factory hierarchy
  2017-12-05 00:47:05,700 INFO[com.mchange.v2.log.MLog:80] - MLog clients using log4j logging.
  2017-12-05 00:47:10,803 INFO[com.mchange.v2.c3p0.C3P0Registry:204] - Initializing c3p0-0.9.1.2 [built 21-May-2007 15:04:56; debug? true; trace: 10]
  2017-12-05 00:47:11,057 INFO[com.mchange.v2.c3p0.impl.AbstractPoolBackedDataSource:462] - Initializing c3p0 pool... com.mchange.v2.c3p0.ComboPooledDataSource [ acquireIncrement -> 2, acquireRetryAttempts -> 30, acquireRetryDelay -> 1000, autoCommitOnClose -> false, automaticTestTable -> null, breakAfterAcquireFailure -> false, checkoutTimeout -> 0, connectionCustomizerClassName -> null, connectionTesterClassName -> com.mchange.v2.c3p0.impl.DefaultConnectionTester, dataSourceName -> 1hge0w89s9juqojrqogr|bd4dc25, debugUnreturnedConnectionStackTraces -> false, description -> null, driverClass -> com.mysql.jdbc.Driver, factoryClassLocation -> null, forceIgnoreUnresolvedTransactions -> false, identityToken -> 1hge0w89s9juqojrqogr|bd4dc25, idleConnectionTestPeriod -> 0, initialPoolSize -> 3, jdbcUrl -> jdbc:mysql://192.168.0.6:3306/test?useUnicode=true&characterEncoding=UTF-8&failOverReadOnly=false&maxReconnects=10&autoReconnect=true&allowMultiQueries=true, maxAdministrativeTaskTime -> 0, maxConnectionAge -> 0, maxIdleTime -> 0, maxIdleTimeExcessConnections -> 0, maxPoolSize -> 20, maxStatements -> 0, maxStatementsPerConnection -> 0, minPoolSize -> 5, numHelperThreads -> 3, numThreadsAwaitingCheckoutDefaultUser -> 0, preferredTestQuery -> null, properties -> {user=******, password=******}, propertyCycle -> 0, testConnectionOnCheckin -> false, testConnectionOnCheckout -> false, unreturnedConnectionTimeout -> 0, usesTraditionalReflectiveProxies -> false ]
  2017-12-05 00:47:11,813 INFO[org.springframework.test.context.transaction.TransactionalTestExecutionListener:279] - Began transaction (1): transaction manager [org.springframework.jdbc.datasource.DataSourceTransactionManager@62833051]; rollback [false]
  2017-12-05 00:47:11,911 INFO[org.springframework.beans.factory.xml.XmlBeanDefinitionReader:315] - Loading XML bean definitions from class path resource [org/springframework/jdbc/support/sql-error-codes.xml]
  2017-12-05 00:47:11,945 INFO[org.springframework.jdbc.support.SQLErrorCodesFactory:126] - SQLErrorCodes loaded: [DB2, Derby, H2, HSQL, Informix, MS-SQL, MySQL, Oracle, PostgreSQL, Sybase]
  2017-12-05 00:47:11,950 ERROR[Tester:38] - org.springframework.jdbc.BadSqlGrammarException: 
### Error updating database.  Cause: com.mysql.jdbc.exceptions.jdbc4.MySQLSyntaxErrorException: Unknown column 'userid' in 'where clause'
### The error may involve defaultParameterMap
### The error occurred while setting parameters
### SQL: update test.user set name= 'wdlx' where userid = 'wdl';
### Cause: com.mysql.jdbc.exceptions.jdbc4.MySQLSyntaxErrorException: Unknown column 'userid' in 'where clause'
; bad SQL grammar []; nested exception is com.mysql.jdbc.exceptions.jdbc4.MySQLSyntaxErrorException: Unknown column 'userid' in 'where clause'
  2017-12-05 00:47:11,977 WARN[org.springframework.test.context.TestContextManager:409] - Caught exception while allowing TestExecutionListener [org.springframework.test.context.transaction.TransactionalTestExecutionListener@4ebff610] to process 'after' execution for test: method [public void Tester.test()], instance [Tester@60410cd], exception [null]
  org.springframework.transaction.UnexpectedRollbackException: Transaction rolled back because it has been marked as rollback-only
	at org.springframework.transaction.support.AbstractPlatformTransactionManager.commit(AbstractPlatformTransactionManager.java:717)
	at org.springframework.test.context.transaction.TransactionalTestExecutionListener$TransactionContext.endTransaction(TransactionalTestExecutionListener.java:591)
	at org.springframework.test.context.transaction.TransactionalTestExecutionListener.endTransaction(TransactionalTestExecutionListener.java:297)
	at org.springframework.test.context.transaction.TransactionalTestExecutionListener.afterTestMethod(TransactionalTestExecutionListener.java:192)
	at org.springframework.test.context.TestContextManager.afterTestMethod(TestContextManager.java:406)
	at org.springframework.test.context.junit4.statements.RunAfterTestMethodCallbacks.evaluate(RunAfterTestMethodCallbacks.java:91)
	at org.springframework.test.context.junit4.statements.SpringRepeat.evaluate(SpringRepeat.java:72)
	at org.springframework.test.context.junit4.SpringJUnit4ClassRunner.runChild(SpringJUnit4ClassRunner.java:231)
	at org.springframework.test.context.junit4.SpringJUnit4ClassRunner.runChild(SpringJUnit4ClassRunner.java:88)
	at org.junit.runners.ParentRunner$3.run(ParentRunner.java:238)
	at org.junit.runners.ParentRunner$1.schedule(ParentRunner.java:63)
	at org.junit.runners.ParentRunner.runChildren(ParentRunner.java:236)
	at org.junit.runners.ParentRunner.access$000(ParentRunner.java:53)
	at org.junit.runners.ParentRunner$2.evaluate(ParentRunner.java:229)
	at org.springframework.test.context.junit4.statements.RunBeforeTestClassCallbacks.evaluate(RunBeforeTestClassCallbacks.java:61)
	at org.springframework.test.context.junit4.statements.RunAfterTestClassCallbacks.evaluate(RunAfterTestClassCallbacks.java:71)
	at org.junit.runners.ParentRunner.run(ParentRunner.java:309)
	at org.springframework.test.context.junit4.SpringJUnit4ClassRunner.run(SpringJUnit4ClassRunner.java:174)
	at org.apache.maven.surefire.junit4.JUnit4Provider.execute(JUnit4Provider.java:252)
	at org.apache.maven.surefire.junit4.JUnit4Provider.executeTestSet(JUnit4Provider.java:141)
	at org.apache.maven.surefire.junit4.JUnit4Provider.invoke(JUnit4Provider.java:112)
	at sun.reflect.NativeMethodAccessorImpl.invoke0(Native Method)
	at sun.reflect.NativeMethodAccessorImpl.invoke(NativeMethodAccessorImpl.java:62)
	at sun.reflect.DelegatingMethodAccessorImpl.invoke(DelegatingMethodAccessorImpl.java:43)
	at java.lang.reflect.Method.invoke(Method.java:498)
	at org.apache.maven.surefire.util.ReflectionUtils.invokeMethodWithArray(ReflectionUtils.java:189)
	at org.apache.maven.surefire.booter.ProviderFactory$ProviderProxy.invoke(ProviderFactory.java:165)
	at org.apache.maven.surefire.booter.ProviderFactory.invokeProvider(ProviderFactory.java:85)
	at org.apache.maven.surefire.booter.ForkedBooter.runSuitesInProcess(ForkedBooter.java:115)
	at org.apache.maven.surefire.booter.ForkedBooter.main(ForkedBooter.java:75)
2017-12-05 00:47:11,989 INFO[org.springframework.context.support.GenericApplicationContext:1042] - Closing org.springframework.context.support.GenericApplicationContext@6767c1fc: startup date [Tue Dec 05 00:47:05 CST 2017]; root of context hierarchy
  2017-12-05 00:47:11,993 INFO[org.springframework.beans.factory.support.DefaultListableBeanFactory:444] - Destroying singletons in org.springframework.beans.factory.support.DefaultListableBeanFactory@2145433b: defining beans [testController,testServiceImpl,org.springframework.context.annotation.internalConfigurationAnnotationProcessor,org.springframework.context.annotation.internalAutowiredAnnotationProcessor,org.springframework.context.annotation.internalRequiredAnnotationProcessor,org.springframework.context.annotation.internalCommonAnnotationProcessor,org.springframework.beans.factory.config.PropertyPlaceholderConfigurer#0,dataSource,sqlSessionFactory,org.mybatis.spring.mapper.MapperScannerConfigurer#0,transactionManager,transactionAdvice,org.springframework.aop.config.internalAutoProxyCreator,transactionPointcut,org.springframework.aop.support.DefaultBeanFactoryPointcutAdvisor#0,org.springframework.context.annotation.ConfigurationClassPostProcessor.importAwareProcessor,ITestMapper]; root of factory hierarchy
  2017-12-05 00:52:43,805 INFO[org.springframework.beans.factory.xml.XmlBeanDefinitionReader:315] - Loading XML bean definitions from class path resource [spring.xml]
  2017-12-05 00:52:44,043 INFO[org.springframework.context.support.GenericApplicationContext:510] - Refreshing org.springframework.context.support.GenericApplicationContext@6767c1fc: startup date [Tue Dec 05 00:52:44 CST 2017]; root of context hierarchy
  2017-12-05 00:52:44,182 INFO[org.springframework.beans.factory.config.PropertyPlaceholderConfigurer:172] - Loading properties file from class path resource [jdbc.properties]
  2017-12-05 00:52:44,228 INFO[org.springframework.beans.factory.support.DefaultListableBeanFactory:603] - Pre-instantiating singletons in org.springframework.beans.factory.support.DefaultListableBeanFactory@2145433b: defining beans [testController,testServiceImpl,org.springframework.context.annotation.internalConfigurationAnnotationProcessor,org.springframework.context.annotation.internalAutowiredAnnotationProcessor,org.springframework.context.annotation.internalRequiredAnnotationProcessor,org.springframework.context.annotation.internalCommonAnnotationProcessor,org.springframework.beans.factory.config.PropertyPlaceholderConfigurer#0,dataSource,sqlSessionFactory,org.mybatis.spring.mapper.MapperScannerConfigurer#0,transactionManager,transactionAdvice,org.springframework.aop.config.internalAutoProxyCreator,transactionPointcut,org.springframework.aop.support.DefaultBeanFactoryPointcutAdvisor#0,org.springframework.context.annotation.ConfigurationClassPostProcessor.importAwareProcessor,ITestMapper]; root of factory hierarchy
  2017-12-05 00:52:44,449 INFO[com.mchange.v2.log.MLog:80] - MLog clients using log4j logging.
  2017-12-05 00:52:49,566 INFO[com.mchange.v2.c3p0.C3P0Registry:204] - Initializing c3p0-0.9.1.2 [built 21-May-2007 15:04:56; debug? true; trace: 10]
  2017-12-05 00:52:49,815 INFO[com.mchange.v2.c3p0.impl.AbstractPoolBackedDataSource:462] - Initializing c3p0 pool... com.mchange.v2.c3p0.ComboPooledDataSource [ acquireIncrement -> 2, acquireRetryAttempts -> 30, acquireRetryDelay -> 1000, autoCommitOnClose -> false, automaticTestTable -> null, breakAfterAcquireFailure -> false, checkoutTimeout -> 0, connectionCustomizerClassName -> null, connectionTesterClassName -> com.mchange.v2.c3p0.impl.DefaultConnectionTester, dataSourceName -> 1hge0w89s9k201yzejd0s|bd4dc25, debugUnreturnedConnectionStackTraces -> false, description -> null, driverClass -> com.mysql.jdbc.Driver, factoryClassLocation -> null, forceIgnoreUnresolvedTransactions -> false, identityToken -> 1hge0w89s9k201yzejd0s|bd4dc25, idleConnectionTestPeriod -> 0, initialPoolSize -> 3, jdbcUrl -> jdbc:mysql://192.168.0.6:3306/test?useUnicode=true&characterEncoding=UTF-8&failOverReadOnly=false&maxReconnects=10&autoReconnect=true&allowMultiQueries=true, maxAdministrativeTaskTime -> 0, maxConnectionAge -> 0, maxIdleTime -> 0, maxIdleTimeExcessConnections -> 0, maxPoolSize -> 20, maxStatements -> 0, maxStatementsPerConnection -> 0, minPoolSize -> 5, numHelperThreads -> 3, numThreadsAwaitingCheckoutDefaultUser -> 0, preferredTestQuery -> null, properties -> {user=******, password=******}, propertyCycle -> 0, testConnectionOnCheckin -> false, testConnectionOnCheckout -> false, unreturnedConnectionTimeout -> 0, usesTraditionalReflectiveProxies -> false ]
  2017-12-05 00:52:50,487 INFO[org.springframework.test.context.transaction.TransactionalTestExecutionListener:279] - Began transaction (1): transaction manager [org.springframework.jdbc.datasource.DataSourceTransactionManager@62833051]; rollback [false]
  2017-12-05 00:52:50,616 INFO[org.springframework.beans.factory.xml.XmlBeanDefinitionReader:315] - Loading XML bean definitions from class path resource [org/springframework/jdbc/support/sql-error-codes.xml]
  2017-12-05 00:52:50,643 INFO[org.springframework.jdbc.support.SQLErrorCodesFactory:126] - SQLErrorCodes loaded: [DB2, Derby, H2, HSQL, Informix, MS-SQL, MySQL, Oracle, PostgreSQL, Sybase]
  2017-12-05 00:52:50,647 ERROR[Tester:38] - org.springframework.jdbc.BadSqlGrammarException: 
### Error updating database.  Cause: com.mysql.jdbc.exceptions.jdbc4.MySQLSyntaxErrorException: Unknown column 'userid' in 'where clause'
### The error may involve defaultParameterMap
### The error occurred while setting parameters
### SQL: update test.user set name= 'wdlx' where userid = 'wdl';
### Cause: com.mysql.jdbc.exceptions.jdbc4.MySQLSyntaxErrorException: Unknown column 'userid' in 'where clause'
; bad SQL grammar []; nested exception is com.mysql.jdbc.exceptions.jdbc4.MySQLSyntaxErrorException: Unknown column 'userid' in 'where clause'
  2017-12-05 00:52:50,673 WARN[org.springframework.test.context.TestContextManager:409] - Caught exception while allowing TestExecutionListener [org.springframework.test.context.transaction.TransactionalTestExecutionListener@4241e0f4] to process 'after' execution for test: method [public void Tester.test()], instance [Tester@4ebff610], exception [null]
  org.springframework.transaction.UnexpectedRollbackException: Transaction rolled back because it has been marked as rollback-only
	at org.springframework.transaction.support.AbstractPlatformTransactionManager.commit(AbstractPlatformTransactionManager.java:717)
	at org.springframework.test.context.transaction.TransactionalTestExecutionListener$TransactionContext.endTransaction(TransactionalTestExecutionListener.java:591)
	at org.springframework.test.context.transaction.TransactionalTestExecutionListener.endTransaction(TransactionalTestExecutionListener.java:297)
	at org.springframework.test.context.transaction.TransactionalTestExecutionListener.afterTestMethod(TransactionalTestExecutionListener.java:192)
	at org.springframework.test.context.TestContextManager.afterTestMethod(TestContextManager.java:406)
	at org.springframework.test.context.junit4.statements.RunAfterTestMethodCallbacks.evaluate(RunAfterTestMethodCallbacks.java:91)
	at org.springframework.test.context.junit4.statements.SpringRepeat.evaluate(SpringRepeat.java:72)
	at org.springframework.test.context.junit4.SpringJUnit4ClassRunner.runChild(SpringJUnit4ClassRunner.java:231)
	at org.springframework.test.context.junit4.SpringJUnit4ClassRunner.runChild(SpringJUnit4ClassRunner.java:88)
	at org.junit.runners.ParentRunner$3.run(ParentRunner.java:238)
	at org.junit.runners.ParentRunner$1.schedule(ParentRunner.java:63)
	at org.junit.runners.ParentRunner.runChildren(ParentRunner.java:236)
	at org.junit.runners.ParentRunner.access$000(ParentRunner.java:53)
	at org.junit.runners.ParentRunner$2.evaluate(ParentRunner.java:229)
	at org.springframework.test.context.junit4.statements.RunBeforeTestClassCallbacks.evaluate(RunBeforeTestClassCallbacks.java:61)
	at org.springframework.test.context.junit4.statements.RunAfterTestClassCallbacks.evaluate(RunAfterTestClassCallbacks.java:71)
	at org.junit.runners.ParentRunner.run(ParentRunner.java:309)
	at org.springframework.test.context.junit4.SpringJUnit4ClassRunner.run(SpringJUnit4ClassRunner.java:174)
	at org.apache.maven.surefire.junit4.JUnit4Provider.execute(JUnit4Provider.java:252)
	at org.apache.maven.surefire.junit4.JUnit4Provider.executeTestSet(JUnit4Provider.java:141)
	at org.apache.maven.surefire.junit4.JUnit4Provider.invoke(JUnit4Provider.java:112)
	at sun.reflect.NativeMethodAccessorImpl.invoke0(Native Method)
	at sun.reflect.NativeMethodAccessorImpl.invoke(NativeMethodAccessorImpl.java:62)
	at sun.reflect.DelegatingMethodAccessorImpl.invoke(DelegatingMethodAccessorImpl.java:43)
	at java.lang.reflect.Method.invoke(Method.java:498)
	at org.apache.maven.surefire.util.ReflectionUtils.invokeMethodWithArray(ReflectionUtils.java:189)
	at org.apache.maven.surefire.booter.ProviderFactory$ProviderProxy.invoke(ProviderFactory.java:165)
	at org.apache.maven.surefire.booter.ProviderFactory.invokeProvider(ProviderFactory.java:85)
	at org.apache.maven.surefire.booter.ForkedBooter.runSuitesInProcess(ForkedBooter.java:115)
	at org.apache.maven.surefire.booter.ForkedBooter.main(ForkedBooter.java:75)
2017-12-05 00:52:50,683 INFO[org.springframework.context.support.GenericApplicationContext:1042] - Closing org.springframework.context.support.GenericApplicationContext@6767c1fc: startup date [Tue Dec 05 00:52:44 CST 2017]; root of context hierarchy
  2017-12-05 00:52:50,684 INFO[org.springframework.beans.factory.support.DefaultListableBeanFactory:444] - Destroying singletons in org.springframework.beans.factory.support.DefaultListableBeanFactory@2145433b: defining beans [testController,testServiceImpl,org.springframework.context.annotation.internalConfigurationAnnotationProcessor,org.springframework.context.annotation.internalAutowiredAnnotationProcessor,org.springframework.context.annotation.internalRequiredAnnotationProcessor,org.springframework.context.annotation.internalCommonAnnotationProcessor,org.springframework.beans.factory.config.PropertyPlaceholderConfigurer#0,dataSource,sqlSessionFactory,org.mybatis.spring.mapper.MapperScannerConfigurer#0,transactionManager,transactionAdvice,org.springframework.aop.config.internalAutoProxyCreator,transactionPointcut,org.springframework.aop.support.DefaultBeanFactoryPointcutAdvisor#0,org.springframework.context.annotation.ConfigurationClassPostProcessor.importAwareProcessor,ITestMapper]; root of factory hierarchy
  2017-12-05 00:57:53,195 INFO[org.springframework.beans.factory.xml.XmlBeanDefinitionReader:315] - Loading XML bean definitions from class path resource [spring.xml]
  2017-12-05 00:57:53,473 INFO[org.springframework.context.support.GenericApplicationContext:510] - Refreshing org.springframework.context.support.GenericApplicationContext@6767c1fc: startup date [Tue Dec 05 00:57:53 CST 2017]; root of context hierarchy
  2017-12-05 00:57:53,610 INFO[org.springframework.beans.factory.config.PropertyPlaceholderConfigurer:172] - Loading properties file from class path resource [jdbc.properties]
  2017-12-05 00:57:53,648 INFO[org.springframework.beans.factory.support.DefaultListableBeanFactory:603] - Pre-instantiating singletons in org.springframework.beans.factory.support.DefaultListableBeanFactory@2145433b: defining beans [testController,testServiceImpl,org.springframework.context.annotation.internalConfigurationAnnotationProcessor,org.springframework.context.annotation.internalAutowiredAnnotationProcessor,org.springframework.context.annotation.internalRequiredAnnotationProcessor,org.springframework.context.annotation.internalCommonAnnotationProcessor,org.springframework.beans.factory.config.PropertyPlaceholderConfigurer#0,dataSource,sqlSessionFactory,org.mybatis.spring.mapper.MapperScannerConfigurer#0,transactionManager,transactionAdvice,org.springframework.aop.config.internalAutoProxyCreator,transactionPointcut,org.springframework.aop.support.DefaultBeanFactoryPointcutAdvisor#0,org.springframework.context.annotation.ConfigurationClassPostProcessor.importAwareProcessor,ITestMapper]; root of factory hierarchy
  2017-12-05 00:57:53,849 INFO[com.mchange.v2.log.MLog:80] - MLog clients using log4j logging.
  2017-12-05 00:57:58,940 INFO[com.mchange.v2.c3p0.C3P0Registry:204] - Initializing c3p0-0.9.1.2 [built 21-May-2007 15:04:56; debug? true; trace: 10]
  2017-12-05 00:57:59,138 INFO[com.mchange.v2.c3p0.impl.AbstractPoolBackedDataSource:462] - Initializing c3p0 pool... com.mchange.v2.c3p0.ComboPooledDataSource [ acquireIncrement -> 2, acquireRetryAttempts -> 30, acquireRetryDelay -> 1000, autoCommitOnClose -> false, automaticTestTable -> null, breakAfterAcquireFailure -> false, checkoutTimeout -> 0, connectionCustomizerClassName -> null, connectionTesterClassName -> com.mchange.v2.c3p0.impl.DefaultConnectionTester, dataSourceName -> 1hge0w89s9k8mse1unwha6|bd4dc25, debugUnreturnedConnectionStackTraces -> false, description -> null, driverClass -> com.mysql.jdbc.Driver, factoryClassLocation -> null, forceIgnoreUnresolvedTransactions -> false, identityToken -> 1hge0w89s9k8mse1unwha6|bd4dc25, idleConnectionTestPeriod -> 0, initialPoolSize -> 3, jdbcUrl -> jdbc:mysql://192.168.0.6:3306/test?useUnicode=true&characterEncoding=UTF-8&failOverReadOnly=false&maxReconnects=10&autoReconnect=true&allowMultiQueries=true, maxAdministrativeTaskTime -> 0, maxConnectionAge -> 0, maxIdleTime -> 0, maxIdleTimeExcessConnections -> 0, maxPoolSize -> 20, maxStatements -> 0, maxStatementsPerConnection -> 0, minPoolSize -> 5, numHelperThreads -> 3, numThreadsAwaitingCheckoutDefaultUser -> 0, preferredTestQuery -> null, properties -> {user=******, password=******}, propertyCycle -> 0, testConnectionOnCheckin -> false, testConnectionOnCheckout -> false, unreturnedConnectionTimeout -> 0, usesTraditionalReflectiveProxies -> false ]
  2017-12-05 00:57:59,807 INFO[org.springframework.test.context.transaction.TransactionalTestExecutionListener:279] - Began transaction (1): transaction manager [org.springframework.jdbc.datasource.DataSourceTransactionManager@420a85c4]; rollback [false]
  2017-12-05 00:57:59,945 INFO[org.springframework.beans.factory.xml.XmlBeanDefinitionReader:315] - Loading XML bean definitions from class path resource [org/springframework/jdbc/support/sql-error-codes.xml]
  2017-12-05 00:57:59,985 INFO[org.springframework.jdbc.support.SQLErrorCodesFactory:126] - SQLErrorCodes loaded: [DB2, Derby, H2, HSQL, Informix, MS-SQL, MySQL, Oracle, PostgreSQL, Sybase]
  2017-12-05 00:57:59,990 ERROR[Tester:38] - org.springframework.jdbc.BadSqlGrammarException: 
### Error updating database.  Cause: com.mysql.jdbc.exceptions.jdbc4.MySQLSyntaxErrorException: Unknown column 'userid' in 'where clause'
### The error may involve defaultParameterMap
### The error occurred while setting parameters
### SQL: update test.user set name= 'wdlx' where userid = 'wdl';
### Cause: com.mysql.jdbc.exceptions.jdbc4.MySQLSyntaxErrorException: Unknown column 'userid' in 'where clause'
; bad SQL grammar []; nested exception is com.mysql.jdbc.exceptions.jdbc4.MySQLSyntaxErrorException: Unknown column 'userid' in 'where clause'
  2017-12-05 00:58:00,019 WARN[org.springframework.test.context.TestContextManager:409] - Caught exception while allowing TestExecutionListener [org.springframework.test.context.transaction.TransactionalTestExecutionListener@4b213651] to process 'after' execution for test: method [public void Tester.test()], instance [Tester@4241e0f4], exception [null]
  org.springframework.transaction.UnexpectedRollbackException: Transaction rolled back because it has been marked as rollback-only
	at org.springframework.transaction.support.AbstractPlatformTransactionManager.commit(AbstractPlatformTransactionManager.java:717)
	at org.springframework.test.context.transaction.TransactionalTestExecutionListener$TransactionContext.endTransaction(TransactionalTestExecutionListener.java:591)
	at org.springframework.test.context.transaction.TransactionalTestExecutionListener.endTransaction(TransactionalTestExecutionListener.java:297)
	at org.springframework.test.context.transaction.TransactionalTestExecutionListener.afterTestMethod(TransactionalTestExecutionListener.java:192)
	at org.springframework.test.context.TestContextManager.afterTestMethod(TestContextManager.java:406)
	at org.springframework.test.context.junit4.statements.RunAfterTestMethodCallbacks.evaluate(RunAfterTestMethodCallbacks.java:91)
	at org.springframework.test.context.junit4.statements.SpringRepeat.evaluate(SpringRepeat.java:72)
	at org.springframework.test.context.junit4.SpringJUnit4ClassRunner.runChild(SpringJUnit4ClassRunner.java:231)
	at org.springframework.test.context.junit4.SpringJUnit4ClassRunner.runChild(SpringJUnit4ClassRunner.java:88)
	at org.junit.runners.ParentRunner$3.run(ParentRunner.java:238)
	at org.junit.runners.ParentRunner$1.schedule(ParentRunner.java:63)
	at org.junit.runners.ParentRunner.runChildren(ParentRunner.java:236)
	at org.junit.runners.ParentRunner.access$000(ParentRunner.java:53)
	at org.junit.runners.ParentRunner$2.evaluate(ParentRunner.java:229)
	at org.springframework.test.context.junit4.statements.RunBeforeTestClassCallbacks.evaluate(RunBeforeTestClassCallbacks.java:61)
	at org.springframework.test.context.junit4.statements.RunAfterTestClassCallbacks.evaluate(RunAfterTestClassCallbacks.java:71)
	at org.junit.runners.ParentRunner.run(ParentRunner.java:309)
	at org.springframework.test.context.junit4.SpringJUnit4ClassRunner.run(SpringJUnit4ClassRunner.java:174)
	at org.apache.maven.surefire.junit4.JUnit4Provider.execute(JUnit4Provider.java:252)
	at org.apache.maven.surefire.junit4.JUnit4Provider.executeTestSet(JUnit4Provider.java:141)
	at org.apache.maven.surefire.junit4.JUnit4Provider.invoke(JUnit4Provider.java:112)
	at sun.reflect.NativeMethodAccessorImpl.invoke0(Native Method)
	at sun.reflect.NativeMethodAccessorImpl.invoke(NativeMethodAccessorImpl.java:62)
	at sun.reflect.DelegatingMethodAccessorImpl.invoke(DelegatingMethodAccessorImpl.java:43)
	at java.lang.reflect.Method.invoke(Method.java:498)
	at org.apache.maven.surefire.util.ReflectionUtils.invokeMethodWithArray(ReflectionUtils.java:189)
	at org.apache.maven.surefire.booter.ProviderFactory$ProviderProxy.invoke(ProviderFactory.java:165)
	at org.apache.maven.surefire.booter.ProviderFactory.invokeProvider(ProviderFactory.java:85)
	at org.apache.maven.surefire.booter.ForkedBooter.runSuitesInProcess(ForkedBooter.java:115)
	at org.apache.maven.surefire.booter.ForkedBooter.main(ForkedBooter.java:75)
2017-12-05 00:58:00,041 INFO[org.springframework.context.support.GenericApplicationContext:1042] - Closing org.springframework.context.support.GenericApplicationContext@6767c1fc: startup date [Tue Dec 05 00:57:53 CST 2017]; root of context hierarchy
  2017-12-05 00:58:00,042 INFO[org.springframework.beans.factory.support.DefaultListableBeanFactory:444] - Destroying singletons in org.springframework.beans.factory.support.DefaultListableBeanFactory@2145433b: defining beans [testController,testServiceImpl,org.springframework.context.annotation.internalConfigurationAnnotationProcessor,org.springframework.context.annotation.internalAutowiredAnnotationProcessor,org.springframework.context.annotation.internalRequiredAnnotationProcessor,org.springframework.context.annotation.internalCommonAnnotationProcessor,org.springframework.beans.factory.config.PropertyPlaceholderConfigurer#0,dataSource,sqlSessionFactory,org.mybatis.spring.mapper.MapperScannerConfigurer#0,transactionManager,transactionAdvice,org.springframework.aop.config.internalAutoProxyCreator,transactionPointcut,org.springframework.aop.support.DefaultBeanFactoryPointcutAdvisor#0,org.springframework.context.annotation.ConfigurationClassPostProcessor.importAwareProcessor,ITestMapper]; root of factory hierarchy
  2017-12-05 00:59:20,810 INFO[org.springframework.beans.factory.xml.XmlBeanDefinitionReader:315] - Loading XML bean definitions from class path resource [spring.xml]
  2017-12-05 00:59:21,038 INFO[org.springframework.context.support.GenericApplicationContext:510] - Refreshing org.springframework.context.support.GenericApplicationContext@6767c1fc: startup date [Tue Dec 05 00:59:21 CST 2017]; root of context hierarchy
  2017-12-05 00:59:21,162 INFO[org.springframework.beans.factory.config.PropertyPlaceholderConfigurer:172] - Loading properties file from class path resource [jdbc.properties]
  2017-12-05 00:59:21,196 INFO[org.springframework.beans.factory.support.DefaultListableBeanFactory:603] - Pre-instantiating singletons in org.springframework.beans.factory.support.DefaultListableBeanFactory@2145433b: defining beans [testController,testServiceImpl,org.springframework.context.annotation.internalConfigurationAnnotationProcessor,org.springframework.context.annotation.internalAutowiredAnnotationProcessor,org.springframework.context.annotation.internalRequiredAnnotationProcessor,org.springframework.context.annotation.internalCommonAnnotationProcessor,org.springframework.beans.factory.config.PropertyPlaceholderConfigurer#0,dataSource,sqlSessionFactory,org.mybatis.spring.mapper.MapperScannerConfigurer#0,transactionManager,transactionAdvice,org.springframework.aop.config.internalAutoProxyCreator,transactionPointcut,org.springframework.aop.support.DefaultBeanFactoryPointcutAdvisor#0,org.springframework.context.annotation.ConfigurationClassPostProcessor.importAwareProcessor,ITestMapper]; root of factory hierarchy
  2017-12-05 00:59:21,370 INFO[com.mchange.v2.log.MLog:80] - MLog clients using log4j logging.
  2017-12-05 00:59:26,453 INFO[com.mchange.v2.c3p0.C3P0Registry:204] - Initializing c3p0-0.9.1.2 [built 21-May-2007 15:04:56; debug? true; trace: 10]
  2017-12-05 00:59:26,649 INFO[com.mchange.v2.c3p0.impl.AbstractPoolBackedDataSource:462] - Initializing c3p0 pool... com.mchange.v2.c3p0.ComboPooledDataSource [ acquireIncrement -> 2, acquireRetryAttempts -> 30, acquireRetryDelay -> 1000, autoCommitOnClose -> false, automaticTestTable -> null, breakAfterAcquireFailure -> false, checkoutTimeout -> 0, connectionCustomizerClassName -> null, connectionTesterClassName -> com.mchange.v2.c3p0.impl.DefaultConnectionTester, dataSourceName -> 1hge0w89s9kaibj1t17b8h|bd4dc25, debugUnreturnedConnectionStackTraces -> false, description -> null, driverClass -> com.mysql.jdbc.Driver, factoryClassLocation -> null, forceIgnoreUnresolvedTransactions -> false, identityToken -> 1hge0w89s9kaibj1t17b8h|bd4dc25, idleConnectionTestPeriod -> 0, initialPoolSize -> 3, jdbcUrl -> jdbc:mysql://192.168.0.6:3306/test?useUnicode=true&characterEncoding=UTF-8&failOverReadOnly=false&maxReconnects=10&autoReconnect=true&allowMultiQueries=true, maxAdministrativeTaskTime -> 0, maxConnectionAge -> 0, maxIdleTime -> 0, maxIdleTimeExcessConnections -> 0, maxPoolSize -> 20, maxStatements -> 0, maxStatementsPerConnection -> 0, minPoolSize -> 5, numHelperThreads -> 3, numThreadsAwaitingCheckoutDefaultUser -> 0, preferredTestQuery -> null, properties -> {user=******, password=******}, propertyCycle -> 0, testConnectionOnCheckin -> false, testConnectionOnCheckout -> false, unreturnedConnectionTimeout -> 0, usesTraditionalReflectiveProxies -> false ]
  2017-12-05 00:59:27,377 INFO[org.springframework.test.context.transaction.TransactionalTestExecutionListener:279] - Began transaction (1): transaction manager [org.springframework.jdbc.datasource.DataSourceTransactionManager@420a85c4]; rollback [false]
  2017-12-05 00:59:27,487 INFO[org.springframework.beans.factory.xml.XmlBeanDefinitionReader:315] - Loading XML bean definitions from class path resource [org/springframework/jdbc/support/sql-error-codes.xml]
  2017-12-05 00:59:27,525 INFO[org.springframework.jdbc.support.SQLErrorCodesFactory:126] - SQLErrorCodes loaded: [DB2, Derby, H2, HSQL, Informix, MS-SQL, MySQL, Oracle, PostgreSQL, Sybase]
  2017-12-05 00:59:27,532 ERROR[Tester:38] - org.springframework.jdbc.BadSqlGrammarException: 
### Error updating database.  Cause: com.mysql.jdbc.exceptions.jdbc4.MySQLSyntaxErrorException: Unknown column 'userid' in 'where clause'
### The error may involve defaultParameterMap
### The error occurred while setting parameters
### SQL: update test.user set name= 'wdlx' where userid = 'wdl';
### Cause: com.mysql.jdbc.exceptions.jdbc4.MySQLSyntaxErrorException: Unknown column 'userid' in 'where clause'
; bad SQL grammar []; nested exception is com.mysql.jdbc.exceptions.jdbc4.MySQLSyntaxErrorException: Unknown column 'userid' in 'where clause'
  2017-12-05 00:59:27,568 WARN[org.springframework.test.context.TestContextManager:409] - Caught exception while allowing TestExecutionListener [org.springframework.test.context.transaction.TransactionalTestExecutionListener@51133c06] to process 'after' execution for test: method [public void Tester.test()], instance [Tester@4b213651], exception [null]
  org.springframework.transaction.UnexpectedRollbackException: Transaction rolled back because it has been marked as rollback-only
	at org.springframework.transaction.support.AbstractPlatformTransactionManager.commit(AbstractPlatformTransactionManager.java:717)
	at org.springframework.test.context.transaction.TransactionalTestExecutionListener$TransactionContext.endTransaction(TransactionalTestExecutionListener.java:591)
	at org.springframework.test.context.transaction.TransactionalTestExecutionListener.endTransaction(TransactionalTestExecutionListener.java:297)
	at org.springframework.test.context.transaction.TransactionalTestExecutionListener.afterTestMethod(TransactionalTestExecutionListener.java:192)
	at org.springframework.test.context.TestContextManager.afterTestMethod(TestContextManager.java:406)
	at org.springframework.test.context.junit4.statements.RunAfterTestMethodCallbacks.evaluate(RunAfterTestMethodCallbacks.java:91)
	at org.springframework.test.context.junit4.statements.SpringRepeat.evaluate(SpringRepeat.java:72)
	at org.springframework.test.context.junit4.SpringJUnit4ClassRunner.runChild(SpringJUnit4ClassRunner.java:231)
	at org.springframework.test.context.junit4.SpringJUnit4ClassRunner.runChild(SpringJUnit4ClassRunner.java:88)
	at org.junit.runners.ParentRunner$3.run(ParentRunner.java:238)
	at org.junit.runners.ParentRunner$1.schedule(ParentRunner.java:63)
	at org.junit.runners.ParentRunner.runChildren(ParentRunner.java:236)
	at org.junit.runners.ParentRunner.access$000(ParentRunner.java:53)
	at org.junit.runners.ParentRunner$2.evaluate(ParentRunner.java:229)
	at org.springframework.test.context.junit4.statements.RunBeforeTestClassCallbacks.evaluate(RunBeforeTestClassCallbacks.java:61)
	at org.springframework.test.context.junit4.statements.RunAfterTestClassCallbacks.evaluate(RunAfterTestClassCallbacks.java:71)
	at org.junit.runners.ParentRunner.run(ParentRunner.java:309)
	at org.springframework.test.context.junit4.SpringJUnit4ClassRunner.run(SpringJUnit4ClassRunner.java:174)
	at org.apache.maven.surefire.junit4.JUnit4Provider.execute(JUnit4Provider.java:252)
	at org.apache.maven.surefire.junit4.JUnit4Provider.executeTestSet(JUnit4Provider.java:141)
	at org.apache.maven.surefire.junit4.JUnit4Provider.invoke(JUnit4Provider.java:112)
	at sun.reflect.NativeMethodAccessorImpl.invoke0(Native Method)
	at sun.reflect.NativeMethodAccessorImpl.invoke(NativeMethodAccessorImpl.java:62)
	at sun.reflect.DelegatingMethodAccessorImpl.invoke(DelegatingMethodAccessorImpl.java:43)
	at java.lang.reflect.Method.invoke(Method.java:498)
	at org.apache.maven.surefire.util.ReflectionUtils.invokeMethodWithArray(ReflectionUtils.java:189)
	at org.apache.maven.surefire.booter.ProviderFactory$ProviderProxy.invoke(ProviderFactory.java:165)
	at org.apache.maven.surefire.booter.ProviderFactory.invokeProvider(ProviderFactory.java:85)
	at org.apache.maven.surefire.booter.ForkedBooter.runSuitesInProcess(ForkedBooter.java:115)
	at org.apache.maven.surefire.booter.ForkedBooter.main(ForkedBooter.java:75)
2017-12-05 00:59:27,595 INFO[org.springframework.context.support.GenericApplicationContext:1042] - Closing org.springframework.context.support.GenericApplicationContext@6767c1fc: startup date [Tue Dec 05 00:59:21 CST 2017]; root of context hierarchy
  2017-12-05 00:59:27,597 INFO[org.springframework.beans.factory.support.DefaultListableBeanFactory:444] - Destroying singletons in org.springframework.beans.factory.support.DefaultListableBeanFactory@2145433b: defining beans [testController,testServiceImpl,org.springframework.context.annotation.internalConfigurationAnnotationProcessor,org.springframework.context.annotation.internalAutowiredAnnotationProcessor,org.springframework.context.annotation.internalRequiredAnnotationProcessor,org.springframework.context.annotation.internalCommonAnnotationProcessor,org.springframework.beans.factory.config.PropertyPlaceholderConfigurer#0,dataSource,sqlSessionFactory,org.mybatis.spring.mapper.MapperScannerConfigurer#0,transactionManager,transactionAdvice,org.springframework.aop.config.internalAutoProxyCreator,transactionPointcut,org.springframework.aop.support.DefaultBeanFactoryPointcutAdvisor#0,org.springframework.context.annotation.ConfigurationClassPostProcessor.importAwareProcessor,ITestMapper]; root of factory hierarchy
  2017-12-05 01:10:24,252 INFO[org.springframework.beans.factory.xml.XmlBeanDefinitionReader:315] - Loading XML bean definitions from class path resource [spring.xml]
  2017-12-05 01:10:24,602 INFO[org.springframework.context.support.GenericApplicationContext:510] - Refreshing org.springframework.context.support.GenericApplicationContext@55f3ddb1: startup date [Tue Dec 05 01:10:24 CST 2017]; root of context hierarchy
  2017-12-05 01:10:24,827 INFO[org.springframework.beans.factory.config.PropertyPlaceholderConfigurer:172] - Loading properties file from class path resource [jdbc.properties]
  2017-12-05 01:10:24,870 INFO[org.springframework.beans.factory.support.DefaultListableBeanFactory:603] - Pre-instantiating singletons in org.springframework.beans.factory.support.DefaultListableBeanFactory@105fece7: defining beans [testController,testServiceImpl,org.springframework.context.annotation.internalConfigurationAnnotationProcessor,org.springframework.context.annotation.internalAutowiredAnnotationProcessor,org.springframework.context.annotation.internalRequiredAnnotationProcessor,org.springframework.context.annotation.internalCommonAnnotationProcessor,org.springframework.beans.factory.config.PropertyPlaceholderConfigurer#0,dataSource,sqlSessionFactory,org.mybatis.spring.mapper.MapperScannerConfigurer#0,transactionManager,transactionAdvice,org.springframework.aop.config.internalAutoProxyCreator,transactionPointcut,org.springframework.aop.support.DefaultBeanFactoryPointcutAdvisor#0,org.springframework.context.annotation.ConfigurationClassPostProcessor.importAwareProcessor,ITestMapper]; root of factory hierarchy
  2017-12-05 01:10:25,086 INFO[com.mchange.v2.log.MLog:80] - MLog clients using log4j logging.
  2017-12-05 01:10:30,182 INFO[com.mchange.v2.c3p0.C3P0Registry:204] - Initializing c3p0-0.9.1.2 [built 21-May-2007 15:04:56; debug? true; trace: 10]
  2017-12-05 01:10:30,392 INFO[com.mchange.v2.c3p0.impl.AbstractPoolBackedDataSource:462] - Initializing c3p0 pool... com.mchange.v2.c3p0.ComboPooledDataSource [ acquireIncrement -> 2, acquireRetryAttempts -> 30, acquireRetryDelay -> 1000, autoCommitOnClose -> false, automaticTestTable -> null, breakAfterAcquireFailure -> false, checkoutTimeout -> 0, connectionCustomizerClassName -> null, connectionTesterClassName -> com.mchange.v2.c3p0.impl.DefaultConnectionTester, dataSourceName -> 1hge0w89s9koqg91d3qzx8|16610890, debugUnreturnedConnectionStackTraces -> false, description -> null, driverClass -> com.mysql.jdbc.Driver, factoryClassLocation -> null, forceIgnoreUnresolvedTransactions -> false, identityToken -> 1hge0w89s9koqg91d3qzx8|16610890, idleConnectionTestPeriod -> 0, initialPoolSize -> 3, jdbcUrl -> jdbc:mysql://192.168.0.6:3306/test?useUnicode=true&characterEncoding=UTF-8&failOverReadOnly=false&maxReconnects=10&autoReconnect=true&allowMultiQueries=true, maxAdministrativeTaskTime -> 0, maxConnectionAge -> 0, maxIdleTime -> 0, maxIdleTimeExcessConnections -> 0, maxPoolSize -> 20, maxStatements -> 0, maxStatementsPerConnection -> 0, minPoolSize -> 5, numHelperThreads -> 3, numThreadsAwaitingCheckoutDefaultUser -> 0, preferredTestQuery -> null, properties -> {user=******, password=******}, propertyCycle -> 0, testConnectionOnCheckin -> false, testConnectionOnCheckout -> false, unreturnedConnectionTimeout -> 0, usesTraditionalReflectiveProxies -> false ]
  2017-12-05 01:10:31,099 INFO[org.springframework.test.context.transaction.TransactionalTestExecutionListener:279] - Began transaction (1): transaction manager [org.springframework.jdbc.datasource.DataSourceTransactionManager@266374ef]; rollback [false]
  2017-12-05 01:10:31,176 INFO[org.springframework.beans.factory.xml.XmlBeanDefinitionReader:315] - Loading XML bean definitions from class path resource [org/springframework/jdbc/support/sql-error-codes.xml]
  2017-12-05 01:10:31,201 INFO[org.springframework.jdbc.support.SQLErrorCodesFactory:126] - SQLErrorCodes loaded: [DB2, Derby, H2, HSQL, Informix, MS-SQL, MySQL, Oracle, PostgreSQL, Sybase]
  2017-12-05 01:10:31,204 ERROR[Tester:38] - org.springframework.jdbc.BadSqlGrammarException: 
### Error updating database.  Cause: com.mysql.jdbc.exceptions.jdbc4.MySQLSyntaxErrorException: Unknown column 'userid' in 'where clause'
### The error may involve defaultParameterMap
### The error occurred while setting parameters
### SQL: update test.user set name= 'wdlx' where userid = 'wdl';
### Cause: com.mysql.jdbc.exceptions.jdbc4.MySQLSyntaxErrorException: Unknown column 'userid' in 'where clause'
; bad SQL grammar []; nested exception is com.mysql.jdbc.exceptions.jdbc4.MySQLSyntaxErrorException: Unknown column 'userid' in 'where clause'
  2017-12-05 01:10:31,232 WARN[org.springframework.test.context.TestContextManager:409] - Caught exception while allowing TestExecutionListener [org.springframework.test.context.transaction.TransactionalTestExecutionListener@38604b81] to process 'after' execution for test: method [public void Tester.test()], instance [Tester@1e44b638], exception [null]
  org.springframework.transaction.UnexpectedRollbackException: Transaction rolled back because it has been marked as rollback-only
	at org.springframework.transaction.support.AbstractPlatformTransactionManager.commit(AbstractPlatformTransactionManager.java:717)
	at org.springframework.test.context.transaction.TransactionalTestExecutionListener$TransactionContext.endTransaction(TransactionalTestExecutionListener.java:591)
	at org.springframework.test.context.transaction.TransactionalTestExecutionListener.endTransaction(TransactionalTestExecutionListener.java:297)
	at org.springframework.test.context.transaction.TransactionalTestExecutionListener.afterTestMethod(TransactionalTestExecutionListener.java:192)
	at org.springframework.test.context.TestContextManager.afterTestMethod(TestContextManager.java:406)
	at org.springframework.test.context.junit4.statements.RunAfterTestMethodCallbacks.evaluate(RunAfterTestMethodCallbacks.java:91)
	at org.springframework.test.context.junit4.statements.SpringRepeat.evaluate(SpringRepeat.java:72)
	at org.springframework.test.context.junit4.SpringJUnit4ClassRunner.runChild(SpringJUnit4ClassRunner.java:231)
	at org.springframework.test.context.junit4.SpringJUnit4ClassRunner.runChild(SpringJUnit4ClassRunner.java:88)
	at org.junit.runners.ParentRunner$3.run(ParentRunner.java:238)
	at org.junit.runners.ParentRunner$1.schedule(ParentRunner.java:63)
	at org.junit.runners.ParentRunner.runChildren(ParentRunner.java:236)
	at org.junit.runners.ParentRunner.access$000(ParentRunner.java:53)
	at org.junit.runners.ParentRunner$2.evaluate(ParentRunner.java:229)
	at org.springframework.test.context.junit4.statements.RunBeforeTestClassCallbacks.evaluate(RunBeforeTestClassCallbacks.java:61)
	at org.springframework.test.context.junit4.statements.RunAfterTestClassCallbacks.evaluate(RunAfterTestClassCallbacks.java:71)
	at org.junit.runners.ParentRunner.run(ParentRunner.java:309)
	at org.springframework.test.context.junit4.SpringJUnit4ClassRunner.run(SpringJUnit4ClassRunner.java:174)
	at org.apache.maven.surefire.junit4.JUnit4Provider.execute(JUnit4Provider.java:252)
	at org.apache.maven.surefire.junit4.JUnit4Provider.executeTestSet(JUnit4Provider.java:141)
	at org.apache.maven.surefire.junit4.JUnit4Provider.invoke(JUnit4Provider.java:112)
	at sun.reflect.NativeMethodAccessorImpl.invoke0(Native Method)
	at sun.reflect.NativeMethodAccessorImpl.invoke(NativeMethodAccessorImpl.java:62)
	at sun.reflect.DelegatingMethodAccessorImpl.invoke(DelegatingMethodAccessorImpl.java:43)
	at java.lang.reflect.Method.invoke(Method.java:498)
	at org.apache.maven.surefire.util.ReflectionUtils.invokeMethodWithArray(ReflectionUtils.java:189)
	at org.apache.maven.surefire.booter.ProviderFactory$ProviderProxy.invoke(ProviderFactory.java:165)
	at org.apache.maven.surefire.booter.ProviderFactory.invokeProvider(ProviderFactory.java:85)
	at org.apache.maven.surefire.booter.ForkedBooter.runSuitesInProcess(ForkedBooter.java:115)
	at org.apache.maven.surefire.booter.ForkedBooter.main(ForkedBooter.java:75)
2017-12-05 01:10:31,243 INFO[org.springframework.context.support.GenericApplicationContext:1042] - Closing org.springframework.context.support.GenericApplicationContext@55f3ddb1: startup date [Tue Dec 05 01:10:24 CST 2017]; root of context hierarchy
  2017-12-05 01:10:31,245 INFO[org.springframework.beans.factory.support.DefaultListableBeanFactory:444] - Destroying singletons in org.springframework.beans.factory.support.DefaultListableBeanFactory@105fece7: defining beans [testController,testServiceImpl,org.springframework.context.annotation.internalConfigurationAnnotationProcessor,org.springframework.context.annotation.internalAutowiredAnnotationProcessor,org.springframework.context.annotation.internalRequiredAnnotationProcessor,org.springframework.context.annotation.internalCommonAnnotationProcessor,org.springframework.beans.factory.config.PropertyPlaceholderConfigurer#0,dataSource,sqlSessionFactory,org.mybatis.spring.mapper.MapperScannerConfigurer#0,transactionManager,transactionAdvice,org.springframework.aop.config.internalAutoProxyCreator,transactionPointcut,org.springframework.aop.support.DefaultBeanFactoryPointcutAdvisor#0,org.springframework.context.annotation.ConfigurationClassPostProcessor.importAwareProcessor,ITestMapper]; root of factory hierarchy
  2017-12-05 01:12:53,355 INFO[org.springframework.beans.factory.xml.XmlBeanDefinitionReader:315] - Loading XML bean definitions from class path resource [spring.xml]
  2017-12-05 01:12:53,581 INFO[org.springframework.context.support.GenericApplicationContext:510] - Refreshing org.springframework.context.support.GenericApplicationContext@55f3ddb1: startup date [Tue Dec 05 01:12:53 CST 2017]; root of context hierarchy
  2017-12-05 01:12:53,691 INFO[org.springframework.beans.factory.config.PropertyPlaceholderConfigurer:172] - Loading properties file from class path resource [jdbc.properties]
  2017-12-05 01:12:53,718 INFO[org.springframework.beans.factory.support.DefaultListableBeanFactory:603] - Pre-instantiating singletons in org.springframework.beans.factory.support.DefaultListableBeanFactory@105fece7: defining beans [testController,testServiceImpl,org.springframework.context.annotation.internalConfigurationAnnotationProcessor,org.springframework.context.annotation.internalAutowiredAnnotationProcessor,org.springframework.context.annotation.internalRequiredAnnotationProcessor,org.springframework.context.annotation.internalCommonAnnotationProcessor,org.springframework.beans.factory.config.PropertyPlaceholderConfigurer#0,dataSource,sqlSessionFactory,org.mybatis.spring.mapper.MapperScannerConfigurer#0,transactionManager,transactionAdvice,org.springframework.aop.config.internalAutoProxyCreator,transactionPointcut,org.springframework.aop.support.DefaultBeanFactoryPointcutAdvisor#0,org.springframework.context.annotation.ConfigurationClassPostProcessor.importAwareProcessor,ITestMapper]; root of factory hierarchy
  2017-12-05 01:12:53,894 INFO[com.mchange.v2.log.MLog:80] - MLog clients using log4j logging.
  2017-12-05 01:12:58,982 INFO[com.mchange.v2.c3p0.C3P0Registry:204] - Initializing c3p0-0.9.1.2 [built 21-May-2007 15:04:56; debug? true; trace: 10]
  2017-12-05 01:12:59,175 INFO[com.mchange.v2.c3p0.impl.AbstractPoolBackedDataSource:462] - Initializing c3p0 pool... com.mchange.v2.c3p0.ComboPooledDataSource [ acquireIncrement -> 2, acquireRetryAttempts -> 30, acquireRetryDelay -> 1000, autoCommitOnClose -> false, automaticTestTable -> null, breakAfterAcquireFailure -> false, checkoutTimeout -> 0, connectionCustomizerClassName -> null, connectionTesterClassName -> com.mchange.v2.c3p0.impl.DefaultConnectionTester, dataSourceName -> 1hge0w89s9krx9l1nyrkr0|16610890, debugUnreturnedConnectionStackTraces -> false, description -> null, driverClass -> com.mysql.jdbc.Driver, factoryClassLocation -> null, forceIgnoreUnresolvedTransactions -> false, identityToken -> 1hge0w89s9krx9l1nyrkr0|16610890, idleConnectionTestPeriod -> 0, initialPoolSize -> 3, jdbcUrl -> jdbc:mysql://192.168.0.6:3306/test?useUnicode=true&characterEncoding=UTF-8&failOverReadOnly=false&maxReconnects=10&autoReconnect=true&allowMultiQueries=true, maxAdministrativeTaskTime -> 0, maxConnectionAge -> 0, maxIdleTime -> 0, maxIdleTimeExcessConnections -> 0, maxPoolSize -> 20, maxStatements -> 0, maxStatementsPerConnection -> 0, minPoolSize -> 5, numHelperThreads -> 3, numThreadsAwaitingCheckoutDefaultUser -> 0, preferredTestQuery -> null, properties -> {user=******, password=******}, propertyCycle -> 0, testConnectionOnCheckin -> false, testConnectionOnCheckout -> false, unreturnedConnectionTimeout -> 0, usesTraditionalReflectiveProxies -> false ]
  2017-12-05 01:12:59,866 INFO[org.springframework.test.context.transaction.TransactionalTestExecutionListener:279] - Began transaction (1): transaction manager [org.springframework.jdbc.datasource.DataSourceTransactionManager@266374ef]; rollback [false]
  2017-12-05 01:12:59,938 INFO[com.wdl.spring.service.TestServiceImpl:19] - test end
  2017-12-05 01:12:59,954 INFO[org.springframework.test.context.transaction.TransactionalTestExecutionListener:299] - Committed transaction after test execution for test context [TestContext@6c0d7c83 testClass = Tester, testInstance = Tester@176b75f7, testMethod = test@Tester, testException = [null], mergedContextConfiguration = [MergedContextConfiguration@5965be2d testClass = Tester, locations = '{classpath:spring.xml}', classes = '{}', contextInitializerClasses = '[]', activeProfiles = '{}', contextLoader = 'org.springframework.test.context.support.DelegatingSmartContextLoader', parent = [null]]]
  2017-12-05 01:12:59,956 INFO[org.springframework.context.support.GenericApplicationContext:1042] - Closing org.springframework.context.support.GenericApplicationContext@55f3ddb1: startup date [Tue Dec 05 01:12:53 CST 2017]; root of context hierarchy
  2017-12-05 01:12:59,957 INFO[org.springframework.beans.factory.support.DefaultListableBeanFactory:444] - Destroying singletons in org.springframework.beans.factory.support.DefaultListableBeanFactory@105fece7: defining beans [testController,testServiceImpl,org.springframework.context.annotation.internalConfigurationAnnotationProcessor,org.springframework.context.annotation.internalAutowiredAnnotationProcessor,org.springframework.context.annotation.internalRequiredAnnotationProcessor,org.springframework.context.annotation.internalCommonAnnotationProcessor,org.springframework.beans.factory.config.PropertyPlaceholderConfigurer#0,dataSource,sqlSessionFactory,org.mybatis.spring.mapper.MapperScannerConfigurer#0,transactionManager,transactionAdvice,org.springframework.aop.config.internalAutoProxyCreator,transactionPointcut,org.springframework.aop.support.DefaultBeanFactoryPointcutAdvisor#0,org.springframework.context.annotation.ConfigurationClassPostProcessor.importAwareProcessor,ITestMapper]; root of factory hierarchy
  2017-12-05 01:13:58,674 INFO[org.springframework.beans.factory.xml.XmlBeanDefinitionReader:315] - Loading XML bean definitions from class path resource [spring.xml]
  2017-12-05 01:13:58,885 INFO[org.springframework.context.support.GenericApplicationContext:510] - Refreshing org.springframework.context.support.GenericApplicationContext@55f3ddb1: startup date [Tue Dec 05 01:13:58 CST 2017]; root of context hierarchy
  2017-12-05 01:13:59,016 INFO[org.springframework.beans.factory.config.PropertyPlaceholderConfigurer:172] - Loading properties file from class path resource [jdbc.properties]
  2017-12-05 01:13:59,046 INFO[org.springframework.beans.factory.support.DefaultListableBeanFactory:603] - Pre-instantiating singletons in org.springframework.beans.factory.support.DefaultListableBeanFactory@105fece7: defining beans [testController,testServiceImpl,org.springframework.context.annotation.internalConfigurationAnnotationProcessor,org.springframework.context.annotation.internalAutowiredAnnotationProcessor,org.springframework.context.annotation.internalRequiredAnnotationProcessor,org.springframework.context.annotation.internalCommonAnnotationProcessor,org.springframework.beans.factory.config.PropertyPlaceholderConfigurer#0,dataSource,sqlSessionFactory,org.mybatis.spring.mapper.MapperScannerConfigurer#0,transactionManager,transactionAdvice,org.springframework.aop.config.internalAutoProxyCreator,transactionPointcut,org.springframework.aop.support.DefaultBeanFactoryPointcutAdvisor#0,org.springframework.context.annotation.ConfigurationClassPostProcessor.importAwareProcessor,ITestMapper]; root of factory hierarchy
  2017-12-05 01:13:59,229 INFO[com.mchange.v2.log.MLog:80] - MLog clients using log4j logging.
  2017-12-05 01:14:04,321 INFO[com.mchange.v2.c3p0.C3P0Registry:204] - Initializing c3p0-0.9.1.2 [built 21-May-2007 15:04:56; debug? true; trace: 10]
  2017-12-05 01:14:04,514 INFO[com.mchange.v2.c3p0.impl.AbstractPoolBackedDataSource:462] - Initializing c3p0 pool... com.mchange.v2.c3p0.ComboPooledDataSource [ acquireIncrement -> 2, acquireRetryAttempts -> 30, acquireRetryDelay -> 1000, autoCommitOnClose -> false, automaticTestTable -> null, breakAfterAcquireFailure -> false, checkoutTimeout -> 0, connectionCustomizerClassName -> null, connectionTesterClassName -> com.mchange.v2.c3p0.impl.DefaultConnectionTester, dataSourceName -> 1hge0w89s9ktboh12emcpy|16610890, debugUnreturnedConnectionStackTraces -> false, description -> null, driverClass -> com.mysql.jdbc.Driver, factoryClassLocation -> null, forceIgnoreUnresolvedTransactions -> false, identityToken -> 1hge0w89s9ktboh12emcpy|16610890, idleConnectionTestPeriod -> 0, initialPoolSize -> 3, jdbcUrl -> jdbc:mysql://192.168.0.6:3306/test?useUnicode=true&characterEncoding=UTF-8&failOverReadOnly=false&maxReconnects=10&autoReconnect=true&allowMultiQueries=true, maxAdministrativeTaskTime -> 0, maxConnectionAge -> 0, maxIdleTime -> 0, maxIdleTimeExcessConnections -> 0, maxPoolSize -> 20, maxStatements -> 0, maxStatementsPerConnection -> 0, minPoolSize -> 5, numHelperThreads -> 3, numThreadsAwaitingCheckoutDefaultUser -> 0, preferredTestQuery -> null, properties -> {user=******, password=******}, propertyCycle -> 0, testConnectionOnCheckin -> false, testConnectionOnCheckout -> false, unreturnedConnectionTimeout -> 0, usesTraditionalReflectiveProxies -> false ]
  2017-12-05 01:14:05,095 INFO[org.springframework.test.context.transaction.TransactionalTestExecutionListener:279] - Began transaction (1): transaction manager [org.springframework.jdbc.datasource.DataSourceTransactionManager@266374ef]; rollback [false]
  2017-12-05 01:14:05,151 INFO[com.wdl.spring.service.TestServiceImpl:19] - test end
  2017-12-05 01:14:05,170 INFO[org.springframework.test.context.transaction.TransactionalTestExecutionListener:299] - Committed transaction after test execution for test context [TestContext@14f9390f testClass = Tester, testInstance = Tester@6c0d7c83, testMethod = test@Tester, testException = [null], mergedContextConfiguration = [MergedContextConfiguration@176b75f7 testClass = Tester, locations = '{classpath:spring.xml}', classes = '{}', contextInitializerClasses = '[]', activeProfiles = '{}', contextLoader = 'org.springframework.test.context.support.DelegatingSmartContextLoader', parent = [null]]]
  2017-12-05 01:14:05,174 INFO[org.springframework.context.support.GenericApplicationContext:1042] - Closing org.springframework.context.support.GenericApplicationContext@55f3ddb1: startup date [Tue Dec 05 01:13:58 CST 2017]; root of context hierarchy
  2017-12-05 01:14:05,175 INFO[org.springframework.beans.factory.support.DefaultListableBeanFactory:444] - Destroying singletons in org.springframework.beans.factory.support.DefaultListableBeanFactory@105fece7: defining beans [testController,testServiceImpl,org.springframework.context.annotation.internalConfigurationAnnotationProcessor,org.springframework.context.annotation.internalAutowiredAnnotationProcessor,org.springframework.context.annotation.internalRequiredAnnotationProcessor,org.springframework.context.annotation.internalCommonAnnotationProcessor,org.springframework.beans.factory.config.PropertyPlaceholderConfigurer#0,dataSource,sqlSessionFactory,org.mybatis.spring.mapper.MapperScannerConfigurer#0,transactionManager,transactionAdvice,org.springframework.aop.config.internalAutoProxyCreator,transactionPointcut,org.springframework.aop.support.DefaultBeanFactoryPointcutAdvisor#0,org.springframework.context.annotation.ConfigurationClassPostProcessor.importAwareProcessor,ITestMapper]; root of factory hierarchy
  2017-12-05 01:35:09,326 INFO[org.springframework.beans.factory.xml.XmlBeanDefinitionReader:315] - Loading XML bean definitions from class path resource [spring.xml]
  2017-12-05 01:35:09,568 INFO[org.springframework.context.support.GenericApplicationContext:510] - Refreshing org.springframework.context.support.GenericApplicationContext@55f3ddb1: startup date [Tue Dec 05 01:35:09 CST 2017]; root of context hierarchy
  2017-12-05 01:35:09,760 INFO[org.springframework.beans.factory.config.PropertyPlaceholderConfigurer:172] - Loading properties file from class path resource [jdbc.properties]
  2017-12-05 01:35:09,799 INFO[org.springframework.beans.factory.support.DefaultListableBeanFactory:603] - Pre-instantiating singletons in org.springframework.beans.factory.support.DefaultListableBeanFactory@2890c451: defining beans [testController,testServiceImpl,org.springframework.context.annotation.internalConfigurationAnnotationProcessor,org.springframework.context.annotation.internalAutowiredAnnotationProcessor,org.springframework.context.annotation.internalRequiredAnnotationProcessor,org.springframework.context.annotation.internalCommonAnnotationProcessor,org.springframework.beans.factory.config.PropertyPlaceholderConfigurer#0,dataSource,sqlSessionFactory,org.mybatis.spring.mapper.MapperScannerConfigurer#0,transactionManager,transactionAdvice,org.springframework.aop.config.internalAutoProxyCreator,transactionPointcut,org.springframework.aop.support.DefaultBeanFactoryPointcutAdvisor#0,org.springframework.context.annotation.ConfigurationClassPostProcessor.importAwareProcessor,ITestMapper]; root of factory hierarchy
  2017-12-05 01:35:10,006 INFO[com.mchange.v2.log.MLog:80] - MLog clients using log4j logging.
  2017-12-05 01:35:15,112 INFO[com.mchange.v2.c3p0.C3P0Registry:204] - Initializing c3p0-0.9.1.2 [built 21-May-2007 15:04:56; debug? true; trace: 10]
  2017-12-05 01:35:15,345 INFO[com.mchange.v2.c3p0.impl.AbstractPoolBackedDataSource:462] - Initializing c3p0 pool... com.mchange.v2.c3p0.ComboPooledDataSource [ acquireIncrement -> 2, acquireRetryAttempts -> 30, acquireRetryDelay -> 1000, autoCommitOnClose -> false, automaticTestTable -> null, breakAfterAcquireFailure -> false, checkoutTimeout -> 0, connectionCustomizerClassName -> null, connectionTesterClassName -> com.mchange.v2.c3p0.impl.DefaultConnectionTester, dataSourceName -> 1hge0w89s9lkk87lswt5e|4efc180e, debugUnreturnedConnectionStackTraces -> false, description -> null, driverClass -> com.mysql.jdbc.Driver, factoryClassLocation -> null, forceIgnoreUnresolvedTransactions -> false, identityToken -> 1hge0w89s9lkk87lswt5e|4efc180e, idleConnectionTestPeriod -> 0, initialPoolSize -> 3, jdbcUrl -> jdbc:mysql://192.168.0.6:3306/test?useUnicode=true&characterEncoding=UTF-8&failOverReadOnly=false&maxReconnects=10&autoReconnect=true&allowMultiQueries=true, maxAdministrativeTaskTime -> 0, maxConnectionAge -> 0, maxIdleTime -> 0, maxIdleTimeExcessConnections -> 0, maxPoolSize -> 20, maxStatements -> 0, maxStatementsPerConnection -> 0, minPoolSize -> 5, numHelperThreads -> 3, numThreadsAwaitingCheckoutDefaultUser -> 0, preferredTestQuery -> null, properties -> {user=******, password=******}, propertyCycle -> 0, testConnectionOnCheckin -> false, testConnectionOnCheckout -> false, unreturnedConnectionTimeout -> 0, usesTraditionalReflectiveProxies -> false ]
  2017-12-05 01:35:16,122 INFO[org.springframework.test.context.transaction.TransactionalTestExecutionListener:279] - Began transaction (1): transaction manager [org.springframework.jdbc.datasource.DataSourceTransactionManager@62833051]; rollback [false]
  2017-12-05 01:35:16,306 INFO[com.wdl.spring.service.TestServiceImpl:19] - test end
  2017-12-05 01:35:16,354 INFO[org.springframework.test.context.transaction.TransactionalTestExecutionListener:299] - Committed transaction after test execution for test context [TestContext@48d61b48 testClass = Tester, testInstance = Tester@68d279ec, testMethod = test@Tester, testException = [null], mergedContextConfiguration = [MergedContextConfiguration@258d79be testClass = Tester, locations = '{classpath:spring.xml}', classes = '{}', contextInitializerClasses = '[]', activeProfiles = '{}', contextLoader = 'org.springframework.test.context.support.DelegatingSmartContextLoader', parent = [null]]]
  2017-12-05 01:35:16,370 INFO[org.springframework.context.support.GenericApplicationContext:1042] - Closing org.springframework.context.support.GenericApplicationContext@55f3ddb1: startup date [Tue Dec 05 01:35:09 CST 2017]; root of context hierarchy
  2017-12-05 01:35:16,371 INFO[org.springframework.beans.factory.support.DefaultListableBeanFactory:444] - Destroying singletons in org.springframework.beans.factory.support.DefaultListableBeanFactory@2890c451: defining beans [testController,testServiceImpl,org.springframework.context.annotation.internalConfigurationAnnotationProcessor,org.springframework.context.annotation.internalAutowiredAnnotationProcessor,org.springframework.context.annotation.internalRequiredAnnotationProcessor,org.springframework.context.annotation.internalCommonAnnotationProcessor,org.springframework.beans.factory.config.PropertyPlaceholderConfigurer#0,dataSource,sqlSessionFactory,org.mybatis.spring.mapper.MapperScannerConfigurer#0,transactionManager,transactionAdvice,org.springframework.aop.config.internalAutoProxyCreator,transactionPointcut,org.springframework.aop.support.DefaultBeanFactoryPointcutAdvisor#0,org.springframework.context.annotation.ConfigurationClassPostProcessor.importAwareProcessor,ITestMapper]; root of factory hierarchy
  2017-12-05 01:36:58,985 INFO[org.springframework.beans.factory.xml.XmlBeanDefinitionReader:315] - Loading XML bean definitions from class path resource [spring.xml]
  2017-12-05 01:36:59,202 INFO[org.springframework.context.support.GenericApplicationContext:510] - Refreshing org.springframework.context.support.GenericApplicationContext@55f3ddb1: startup date [Tue Dec 05 01:36:59 CST 2017]; root of context hierarchy
  2017-12-05 01:36:59,486 INFO[org.springframework.beans.factory.config.PropertyPlaceholderConfigurer:172] - Loading properties file from class path resource [jdbc.properties]
  2017-12-05 01:36:59,541 INFO[org.springframework.beans.factory.support.DefaultListableBeanFactory:603] - Pre-instantiating singletons in org.springframework.beans.factory.support.DefaultListableBeanFactory@2890c451: defining beans [testController,testServiceImpl,org.springframework.context.annotation.internalConfigurationAnnotationProcessor,org.springframework.context.annotation.internalAutowiredAnnotationProcessor,org.springframework.context.annotation.internalRequiredAnnotationProcessor,org.springframework.context.annotation.internalCommonAnnotationProcessor,org.springframework.beans.factory.config.PropertyPlaceholderConfigurer#0,dataSource,sqlSessionFactory,org.mybatis.spring.mapper.MapperScannerConfigurer#0,transactionManager,transactionAdvice,org.springframework.aop.config.internalAutoProxyCreator,transactionPointcut,org.springframework.aop.support.DefaultBeanFactoryPointcutAdvisor#0,org.springframework.context.annotation.ConfigurationClassPostProcessor.importAwareProcessor,ITestMapper]; root of factory hierarchy
  2017-12-05 01:36:59,755 INFO[com.mchange.v2.log.MLog:80] - MLog clients using log4j logging.
  2017-12-05 01:37:04,847 INFO[com.mchange.v2.c3p0.C3P0Registry:204] - Initializing c3p0-0.9.1.2 [built 21-May-2007 15:04:56; debug? true; trace: 10]
  2017-12-05 01:37:05,098 INFO[com.mchange.v2.c3p0.impl.AbstractPoolBackedDataSource:462] - Initializing c3p0 pool... com.mchange.v2.c3p0.ComboPooledDataSource [ acquireIncrement -> 2, acquireRetryAttempts -> 30, acquireRetryDelay -> 1000, autoCommitOnClose -> false, automaticTestTable -> null, breakAfterAcquireFailure -> false, checkoutTimeout -> 0, connectionCustomizerClassName -> null, connectionTesterClassName -> com.mchange.v2.c3p0.impl.DefaultConnectionTester, dataSourceName -> 1hge0w89s9lmwwj1ha6yec|4efc180e, debugUnreturnedConnectionStackTraces -> false, description -> null, driverClass -> com.mysql.jdbc.Driver, factoryClassLocation -> null, forceIgnoreUnresolvedTransactions -> false, identityToken -> 1hge0w89s9lmwwj1ha6yec|4efc180e, idleConnectionTestPeriod -> 0, initialPoolSize -> 3, jdbcUrl -> jdbc:mysql://192.168.0.6:3306/test?useUnicode=true&characterEncoding=UTF-8&failOverReadOnly=false&maxReconnects=10&autoReconnect=true&allowMultiQueries=true, maxAdministrativeTaskTime -> 0, maxConnectionAge -> 0, maxIdleTime -> 0, maxIdleTimeExcessConnections -> 0, maxPoolSize -> 20, maxStatements -> 0, maxStatementsPerConnection -> 0, minPoolSize -> 5, numHelperThreads -> 3, numThreadsAwaitingCheckoutDefaultUser -> 0, preferredTestQuery -> null, properties -> {user=******, password=******}, propertyCycle -> 0, testConnectionOnCheckin -> false, testConnectionOnCheckout -> false, unreturnedConnectionTimeout -> 0, usesTraditionalReflectiveProxies -> false ]
  2017-12-05 01:37:05,727 INFO[org.springframework.test.context.transaction.TransactionalTestExecutionListener:279] - Began transaction (1): transaction manager [org.springframework.jdbc.datasource.DataSourceTransactionManager@62833051]; rollback [false]
  2017-12-05 01:37:05,809 INFO[com.wdl.spring.service.TestServiceImpl:19] - test end
  2017-12-05 01:37:05,828 INFO[org.springframework.test.context.transaction.TransactionalTestExecutionListener:299] - Committed transaction after test execution for test context [TestContext@48d61b48 testClass = Tester, testInstance = Tester@68d279ec, testMethod = test@Tester, testException = [null], mergedContextConfiguration = [MergedContextConfiguration@258d79be testClass = Tester, locations = '{classpath:spring.xml}', classes = '{}', contextInitializerClasses = '[]', activeProfiles = '{}', contextLoader = 'org.springframework.test.context.support.DelegatingSmartContextLoader', parent = [null]]]
  2017-12-05 01:37:05,831 INFO[org.springframework.context.support.GenericApplicationContext:1042] - Closing org.springframework.context.support.GenericApplicationContext@55f3ddb1: startup date [Tue Dec 05 01:36:59 CST 2017]; root of context hierarchy
  2017-12-05 01:37:05,832 INFO[org.springframework.beans.factory.support.DefaultListableBeanFactory:444] - Destroying singletons in org.springframework.beans.factory.support.DefaultListableBeanFactory@2890c451: defining beans [testController,testServiceImpl,org.springframework.context.annotation.internalConfigurationAnnotationProcessor,org.springframework.context.annotation.internalAutowiredAnnotationProcessor,org.springframework.context.annotation.internalRequiredAnnotationProcessor,org.springframework.context.annotation.internalCommonAnnotationProcessor,org.springframework.beans.factory.config.PropertyPlaceholderConfigurer#0,dataSource,sqlSessionFactory,org.mybatis.spring.mapper.MapperScannerConfigurer#0,transactionManager,transactionAdvice,org.springframework.aop.config.internalAutoProxyCreator,transactionPointcut,org.springframework.aop.support.DefaultBeanFactoryPointcutAdvisor#0,org.springframework.context.annotation.ConfigurationClassPostProcessor.importAwareProcessor,ITestMapper]; root of factory hierarchy
  2017-12-05 01:38:15,910 INFO[org.springframework.beans.factory.xml.XmlBeanDefinitionReader:315] - Loading XML bean definitions from class path resource [spring.xml]
  2017-12-05 01:38:16,242 INFO[org.springframework.context.support.GenericApplicationContext:510] - Refreshing org.springframework.context.support.GenericApplicationContext@55f3ddb1: startup date [Tue Dec 05 01:38:16 CST 2017]; root of context hierarchy
  2017-12-05 01:38:16,399 INFO[org.springframework.beans.factory.config.PropertyPlaceholderConfigurer:172] - Loading properties file from class path resource [jdbc.properties]
  2017-12-05 01:38:16,431 INFO[org.springframework.beans.factory.support.DefaultListableBeanFactory:603] - Pre-instantiating singletons in org.springframework.beans.factory.support.DefaultListableBeanFactory@2890c451: defining beans [testController,testServiceImpl,org.springframework.context.annotation.internalConfigurationAnnotationProcessor,org.springframework.context.annotation.internalAutowiredAnnotationProcessor,org.springframework.context.annotation.internalRequiredAnnotationProcessor,org.springframework.context.annotation.internalCommonAnnotationProcessor,org.springframework.beans.factory.config.PropertyPlaceholderConfigurer#0,dataSource,sqlSessionFactory,org.mybatis.spring.mapper.MapperScannerConfigurer#0,transactionManager,transactionAdvice,org.springframework.aop.config.internalAutoProxyCreator,transactionPointcut,org.springframework.aop.support.DefaultBeanFactoryPointcutAdvisor#0,org.springframework.context.annotation.ConfigurationClassPostProcessor.importAwareProcessor,ITestMapper]; root of factory hierarchy
  2017-12-05 01:38:16,682 INFO[com.mchange.v2.log.MLog:80] - MLog clients using log4j logging.
  2017-12-05 01:38:21,796 INFO[com.mchange.v2.c3p0.C3P0Registry:204] - Initializing c3p0-0.9.1.2 [built 21-May-2007 15:04:56; debug? true; trace: 10]
  2017-12-05 01:38:22,072 INFO[com.mchange.v2.c3p0.impl.AbstractPoolBackedDataSource:462] - Initializing c3p0 pool... com.mchange.v2.c3p0.ComboPooledDataSource [ acquireIncrement -> 2, acquireRetryAttempts -> 30, acquireRetryDelay -> 1000, autoCommitOnClose -> false, automaticTestTable -> null, breakAfterAcquireFailure -> false, checkoutTimeout -> 0, connectionCustomizerClassName -> null, connectionTesterClassName -> com.mchange.v2.c3p0.impl.DefaultConnectionTester, dataSourceName -> 1hge0w89s9lok9p1jw39md|4efc180e, debugUnreturnedConnectionStackTraces -> false, description -> null, driverClass -> com.mysql.jdbc.Driver, factoryClassLocation -> null, forceIgnoreUnresolvedTransactions -> false, identityToken -> 1hge0w89s9lok9p1jw39md|4efc180e, idleConnectionTestPeriod -> 0, initialPoolSize -> 3, jdbcUrl -> jdbc:mysql://192.168.0.6:3306/test?useUnicode=true&characterEncoding=UTF-8&failOverReadOnly=false&maxReconnects=10&autoReconnect=true&allowMultiQueries=true, maxAdministrativeTaskTime -> 0, maxConnectionAge -> 0, maxIdleTime -> 0, maxIdleTimeExcessConnections -> 0, maxPoolSize -> 20, maxStatements -> 0, maxStatementsPerConnection -> 0, minPoolSize -> 5, numHelperThreads -> 3, numThreadsAwaitingCheckoutDefaultUser -> 0, preferredTestQuery -> null, properties -> {user=******, password=******}, propertyCycle -> 0, testConnectionOnCheckin -> false, testConnectionOnCheckout -> false, unreturnedConnectionTimeout -> 0, usesTraditionalReflectiveProxies -> false ]
  2017-12-05 01:38:22,748 INFO[org.springframework.test.context.transaction.TransactionalTestExecutionListener:279] - Began transaction (1): transaction manager [org.springframework.jdbc.datasource.DataSourceTransactionManager@62833051]; rollback [false]
  2017-12-05 01:38:22,820 INFO[com.wdl.spring.service.TestServiceImpl:19] - test end
  2017-12-05 01:38:22,834 INFO[org.springframework.test.context.transaction.TransactionalTestExecutionListener:299] - Committed transaction after test execution for test context [TestContext@48d61b48 testClass = Tester, testInstance = Tester@68d279ec, testMethod = test@Tester, testException = [null], mergedContextConfiguration = [MergedContextConfiguration@258d79be testClass = Tester, locations = '{classpath:spring.xml}', classes = '{}', contextInitializerClasses = '[]', activeProfiles = '{}', contextLoader = 'org.springframework.test.context.support.DelegatingSmartContextLoader', parent = [null]]]
  2017-12-05 01:38:22,837 INFO[org.springframework.context.support.GenericApplicationContext:1042] - Closing org.springframework.context.support.GenericApplicationContext@55f3ddb1: startup date [Tue Dec 05 01:38:16 CST 2017]; root of context hierarchy
  2017-12-05 01:38:22,839 INFO[org.springframework.beans.factory.support.DefaultListableBeanFactory:444] - Destroying singletons in org.springframework.beans.factory.support.DefaultListableBeanFactory@2890c451: defining beans [testController,testServiceImpl,org.springframework.context.annotation.internalConfigurationAnnotationProcessor,org.springframework.context.annotation.internalAutowiredAnnotationProcessor,org.springframework.context.annotation.internalRequiredAnnotationProcessor,org.springframework.context.annotation.internalCommonAnnotationProcessor,org.springframework.beans.factory.config.PropertyPlaceholderConfigurer#0,dataSource,sqlSessionFactory,org.mybatis.spring.mapper.MapperScannerConfigurer#0,transactionManager,transactionAdvice,org.springframework.aop.config.internalAutoProxyCreator,transactionPointcut,org.springframework.aop.support.DefaultBeanFactoryPointcutAdvisor#0,org.springframework.context.annotation.ConfigurationClassPostProcessor.importAwareProcessor,ITestMapper]; root of factory hierarchy
  2017-12-05 01:38:44,741 INFO[org.springframework.beans.factory.xml.XmlBeanDefinitionReader:315] - Loading XML bean definitions from class path resource [spring.xml]
  2017-12-05 01:38:45,002 INFO[org.springframework.context.support.GenericApplicationContext:510] - Refreshing org.springframework.context.support.GenericApplicationContext@55f3ddb1: startup date [Tue Dec 05 01:38:44 CST 2017]; root of context hierarchy
  2017-12-05 01:38:45,135 INFO[org.springframework.beans.factory.config.PropertyPlaceholderConfigurer:172] - Loading properties file from class path resource [jdbc.properties]
  2017-12-05 01:38:45,165 INFO[org.springframework.beans.factory.support.DefaultListableBeanFactory:603] - Pre-instantiating singletons in org.springframework.beans.factory.support.DefaultListableBeanFactory@2890c451: defining beans [testController,testServiceImpl,org.springframework.context.annotation.internalConfigurationAnnotationProcessor,org.springframework.context.annotation.internalAutowiredAnnotationProcessor,org.springframework.context.annotation.internalRequiredAnnotationProcessor,org.springframework.context.annotation.internalCommonAnnotationProcessor,org.springframework.beans.factory.config.PropertyPlaceholderConfigurer#0,dataSource,sqlSessionFactory,org.mybatis.spring.mapper.MapperScannerConfigurer#0,transactionManager,transactionAdvice,org.springframework.aop.config.internalAutoProxyCreator,transactionPointcut,org.springframework.aop.support.DefaultBeanFactoryPointcutAdvisor#0,org.springframework.context.annotation.ConfigurationClassPostProcessor.importAwareProcessor,ITestMapper]; root of factory hierarchy
  2017-12-05 01:38:45,498 INFO[com.mchange.v2.log.MLog:80] - MLog clients using log4j logging.
  2017-12-05 01:38:50,603 INFO[com.mchange.v2.c3p0.C3P0Registry:204] - Initializing c3p0-0.9.1.2 [built 21-May-2007 15:04:56; debug? true; trace: 10]
  2017-12-05 01:38:50,818 INFO[com.mchange.v2.c3p0.impl.AbstractPoolBackedDataSource:462] - Initializing c3p0 pool... com.mchange.v2.c3p0.ComboPooledDataSource [ acquireIncrement -> 2, acquireRetryAttempts -> 30, acquireRetryDelay -> 1000, autoCommitOnClose -> false, automaticTestTable -> null, breakAfterAcquireFailure -> false, checkoutTimeout -> 0, connectionCustomizerClassName -> null, connectionTesterClassName -> com.mchange.v2.c3p0.impl.DefaultConnectionTester, dataSourceName -> 1hge0w89s9lp6i8xy2o2i|4efc180e, debugUnreturnedConnectionStackTraces -> false, description -> null, driverClass -> com.mysql.jdbc.Driver, factoryClassLocation -> null, forceIgnoreUnresolvedTransactions -> false, identityToken -> 1hge0w89s9lp6i8xy2o2i|4efc180e, idleConnectionTestPeriod -> 0, initialPoolSize -> 3, jdbcUrl -> jdbc:mysql://192.168.0.6:3306/test?useUnicode=true&characterEncoding=UTF-8&failOverReadOnly=false&maxReconnects=10&autoReconnect=true&allowMultiQueries=true, maxAdministrativeTaskTime -> 0, maxConnectionAge -> 0, maxIdleTime -> 0, maxIdleTimeExcessConnections -> 0, maxPoolSize -> 20, maxStatements -> 0, maxStatementsPerConnection -> 0, minPoolSize -> 5, numHelperThreads -> 3, numThreadsAwaitingCheckoutDefaultUser -> 0, preferredTestQuery -> null, properties -> {user=******, password=******}, propertyCycle -> 0, testConnectionOnCheckin -> false, testConnectionOnCheckout -> false, unreturnedConnectionTimeout -> 0, usesTraditionalReflectiveProxies -> false ]
  2017-12-05 01:38:51,427 INFO[org.springframework.test.context.transaction.TransactionalTestExecutionListener:279] - Began transaction (1): transaction manager [org.springframework.jdbc.datasource.DataSourceTransactionManager@62833051]; rollback [false]
  2017-12-05 01:38:51,492 INFO[com.wdl.spring.service.TestServiceImpl:19] - test end
  2017-12-05 01:38:51,535 INFO[org.springframework.test.context.transaction.TransactionalTestExecutionListener:299] - Committed transaction after test execution for test context [TestContext@48d61b48 testClass = Tester, testInstance = Tester@68d279ec, testMethod = test@Tester, testException = [null], mergedContextConfiguration = [MergedContextConfiguration@258d79be testClass = Tester, locations = '{classpath:spring.xml}', classes = '{}', contextInitializerClasses = '[]', activeProfiles = '{}', contextLoader = 'org.springframework.test.context.support.DelegatingSmartContextLoader', parent = [null]]]
  2017-12-05 01:38:51,538 INFO[org.springframework.context.support.GenericApplicationContext:1042] - Closing org.springframework.context.support.GenericApplicationContext@55f3ddb1: startup date [Tue Dec 05 01:38:44 CST 2017]; root of context hierarchy
  2017-12-05 01:38:51,540 INFO[org.springframework.beans.factory.support.DefaultListableBeanFactory:444] - Destroying singletons in org.springframework.beans.factory.support.DefaultListableBeanFactory@2890c451: defining beans [testController,testServiceImpl,org.springframework.context.annotation.internalConfigurationAnnotationProcessor,org.springframework.context.annotation.internalAutowiredAnnotationProcessor,org.springframework.context.annotation.internalRequiredAnnotationProcessor,org.springframework.context.annotation.internalCommonAnnotationProcessor,org.springframework.beans.factory.config.PropertyPlaceholderConfigurer#0,dataSource,sqlSessionFactory,org.mybatis.spring.mapper.MapperScannerConfigurer#0,transactionManager,transactionAdvice,org.springframework.aop.config.internalAutoProxyCreator,transactionPointcut,org.springframework.aop.support.DefaultBeanFactoryPointcutAdvisor#0,org.springframework.context.annotation.ConfigurationClassPostProcessor.importAwareProcessor,ITestMapper]; root of factory hierarchy
  2017-12-05 01:39:31,775 INFO[org.springframework.beans.factory.xml.XmlBeanDefinitionReader:315] - Loading XML bean definitions from class path resource [spring.xml]
  2017-12-05 01:39:31,987 INFO[org.springframework.context.support.GenericApplicationContext:510] - Refreshing org.springframework.context.support.GenericApplicationContext@55f3ddb1: startup date [Tue Dec 05 01:39:31 CST 2017]; root of context hierarchy
  2017-12-05 01:39:32,098 INFO[org.springframework.beans.factory.config.PropertyPlaceholderConfigurer:172] - Loading properties file from class path resource [jdbc.properties]
  2017-12-05 01:39:32,126 INFO[org.springframework.beans.factory.support.DefaultListableBeanFactory:603] - Pre-instantiating singletons in org.springframework.beans.factory.support.DefaultListableBeanFactory@2890c451: defining beans [testController,testServiceImpl,org.springframework.context.annotation.internalConfigurationAnnotationProcessor,org.springframework.context.annotation.internalAutowiredAnnotationProcessor,org.springframework.context.annotation.internalRequiredAnnotationProcessor,org.springframework.context.annotation.internalCommonAnnotationProcessor,org.springframework.beans.factory.config.PropertyPlaceholderConfigurer#0,dataSource,sqlSessionFactory,org.mybatis.spring.mapper.MapperScannerConfigurer#0,transactionManager,transactionAdvice,org.springframework.aop.config.internalAutoProxyCreator,transactionPointcut,org.springframework.aop.support.DefaultBeanFactoryPointcutAdvisor#0,org.springframework.context.annotation.ConfigurationClassPostProcessor.importAwareProcessor,ITestMapper]; root of factory hierarchy
  2017-12-05 01:39:32,295 INFO[com.mchange.v2.log.MLog:80] - MLog clients using log4j logging.
  2017-12-05 01:39:37,385 INFO[com.mchange.v2.c3p0.C3P0Registry:204] - Initializing c3p0-0.9.1.2 [built 21-May-2007 15:04:56; debug? true; trace: 10]
  2017-12-05 01:39:37,581 INFO[com.mchange.v2.c3p0.impl.AbstractPoolBackedDataSource:462] - Initializing c3p0 pool... com.mchange.v2.c3p0.ComboPooledDataSource [ acquireIncrement -> 2, acquireRetryAttempts -> 30, acquireRetryDelay -> 1000, autoCommitOnClose -> false, automaticTestTable -> null, breakAfterAcquireFailure -> false, checkoutTimeout -> 0, connectionCustomizerClassName -> null, connectionTesterClassName -> com.mchange.v2.c3p0.impl.DefaultConnectionTester, dataSourceName -> 1hge0w89s9lq6ln1utyw8m|4efc180e, debugUnreturnedConnectionStackTraces -> false, description -> null, driverClass -> com.mysql.jdbc.Driver, factoryClassLocation -> null, forceIgnoreUnresolvedTransactions -> false, identityToken -> 1hge0w89s9lq6ln1utyw8m|4efc180e, idleConnectionTestPeriod -> 0, initialPoolSize -> 3, jdbcUrl -> jdbc:mysql://192.168.0.6:3306/test?useUnicode=true&characterEncoding=UTF-8&failOverReadOnly=false&maxReconnects=10&autoReconnect=true&allowMultiQueries=true, maxAdministrativeTaskTime -> 0, maxConnectionAge -> 0, maxIdleTime -> 0, maxIdleTimeExcessConnections -> 0, maxPoolSize -> 20, maxStatements -> 0, maxStatementsPerConnection -> 0, minPoolSize -> 5, numHelperThreads -> 3, numThreadsAwaitingCheckoutDefaultUser -> 0, preferredTestQuery -> null, properties -> {user=******, password=******}, propertyCycle -> 0, testConnectionOnCheckin -> false, testConnectionOnCheckout -> false, unreturnedConnectionTimeout -> 0, usesTraditionalReflectiveProxies -> false ]
  2017-12-05 01:39:38,233 INFO[org.springframework.test.context.transaction.TransactionalTestExecutionListener:279] - Began transaction (1): transaction manager [org.springframework.jdbc.datasource.DataSourceTransactionManager@1c852c0f]; rollback [false]
  2017-12-05 01:39:38,301 INFO[com.wdl.spring.service.TestServiceImpl:19] - test end
  2017-12-05 01:39:38,319 INFO[org.springframework.test.context.transaction.TransactionalTestExecutionListener:299] - Committed transaction after test execution for test context [TestContext@48d61b48 testClass = Tester, testInstance = Tester@68d279ec, testMethod = test@Tester, testException = [null], mergedContextConfiguration = [MergedContextConfiguration@258d79be testClass = Tester, locations = '{classpath:spring.xml}', classes = '{}', contextInitializerClasses = '[]', activeProfiles = '{}', contextLoader = 'org.springframework.test.context.support.DelegatingSmartContextLoader', parent = [null]]]
  2017-12-05 01:39:38,326 INFO[org.springframework.context.support.GenericApplicationContext:1042] - Closing org.springframework.context.support.GenericApplicationContext@55f3ddb1: startup date [Tue Dec 05 01:39:31 CST 2017]; root of context hierarchy
  2017-12-05 01:39:38,327 INFO[org.springframework.beans.factory.support.DefaultListableBeanFactory:444] - Destroying singletons in org.springframework.beans.factory.support.DefaultListableBeanFactory@2890c451: defining beans [testController,testServiceImpl,org.springframework.context.annotation.internalConfigurationAnnotationProcessor,org.springframework.context.annotation.internalAutowiredAnnotationProcessor,org.springframework.context.annotation.internalRequiredAnnotationProcessor,org.springframework.context.annotation.internalCommonAnnotationProcessor,org.springframework.beans.factory.config.PropertyPlaceholderConfigurer#0,dataSource,sqlSessionFactory,org.mybatis.spring.mapper.MapperScannerConfigurer#0,transactionManager,transactionAdvice,org.springframework.aop.config.internalAutoProxyCreator,transactionPointcut,org.springframework.aop.support.DefaultBeanFactoryPointcutAdvisor#0,org.springframework.context.annotation.ConfigurationClassPostProcessor.importAwareProcessor,ITestMapper]; root of factory hierarchy
  