2017-12-05 00:47:11,950 ERROR[Tester:38] - org.springframework.jdbc.BadSqlGrammarException: 
### Error updating database.  Cause: com.mysql.jdbc.exceptions.jdbc4.MySQLSyntaxErrorException: Unknown column 'userid' in 'where clause'
### The error may involve defaultParameterMap
### The error occurred while setting parameters
### SQL: update test.user set name= 'wdlx' where userid = 'wdl';
### Cause: com.mysql.jdbc.exceptions.jdbc4.MySQLSyntaxErrorException: Unknown column 'userid' in 'where clause'
; bad SQL grammar []; nested exception is com.mysql.jdbc.exceptions.jdbc4.MySQLSyntaxErrorException: Unknown column 'userid' in 'where clause'
  2017-12-05 00:52:50,647 ERROR[Tester:38] - org.springframework.jdbc.BadSqlGrammarException: 
### Error updating database.  Cause: com.mysql.jdbc.exceptions.jdbc4.MySQLSyntaxErrorException: Unknown column 'userid' in 'where clause'
### The error may involve defaultParameterMap
### The error occurred while setting parameters
### SQL: update test.user set name= 'wdlx' where userid = 'wdl';
### Cause: com.mysql.jdbc.exceptions.jdbc4.MySQLSyntaxErrorException: Unknown column 'userid' in 'where clause'
; bad SQL grammar []; nested exception is com.mysql.jdbc.exceptions.jdbc4.MySQLSyntaxErrorException: Unknown column 'userid' in 'where clause'
  2017-12-05 00:57:59,990 ERROR[Tester:38] - org.springframework.jdbc.BadSqlGrammarException: 
### Error updating database.  Cause: com.mysql.jdbc.exceptions.jdbc4.MySQLSyntaxErrorException: Unknown column 'userid' in 'where clause'
### The error may involve defaultParameterMap
### The error occurred while setting parameters
### SQL: update test.user set name= 'wdlx' where userid = 'wdl';
### Cause: com.mysql.jdbc.exceptions.jdbc4.MySQLSyntaxErrorException: Unknown column 'userid' in 'where clause'
; bad SQL grammar []; nested exception is com.mysql.jdbc.exceptions.jdbc4.MySQLSyntaxErrorException: Unknown column 'userid' in 'where clause'
  2017-12-05 00:59:27,532 ERROR[Tester:38] - org.springframework.jdbc.BadSqlGrammarException: 
### Error updating database.  Cause: com.mysql.jdbc.exceptions.jdbc4.MySQLSyntaxErrorException: Unknown column 'userid' in 'where clause'
### The error may involve defaultParameterMap
### The error occurred while setting parameters
### SQL: update test.user set name= 'wdlx' where userid = 'wdl';
### Cause: com.mysql.jdbc.exceptions.jdbc4.MySQLSyntaxErrorException: Unknown column 'userid' in 'where clause'
; bad SQL grammar []; nested exception is com.mysql.jdbc.exceptions.jdbc4.MySQLSyntaxErrorException: Unknown column 'userid' in 'where clause'
  2017-12-05 01:10:31,204 ERROR[Tester:38] - org.springframework.jdbc.BadSqlGrammarException: 
### Error updating database.  Cause: com.mysql.jdbc.exceptions.jdbc4.MySQLSyntaxErrorException: Unknown column 'userid' in 'where clause'
### The error may involve defaultParameterMap
### The error occurred while setting parameters
### SQL: update test.user set name= 'wdlx' where userid = 'wdl';
### Cause: com.mysql.jdbc.exceptions.jdbc4.MySQLSyntaxErrorException: Unknown column 'userid' in 'where clause'
; bad SQL grammar []; nested exception is com.mysql.jdbc.exceptions.jdbc4.MySQLSyntaxErrorException: Unknown column 'userid' in 'where clause'
  